/*C12*/SET SCHEMA PUBLIC
INSERT INTO MOVIE VALUES(17,'Wedding Crashers','Comedy',7,'David Dobkin',2005)
ALTER SEQUENCE PUBLIC.HIBERNATE_SEQUENCE RESTART WITH 18
COMMIT
INSERT INTO MOVIE VALUES(18,'Starsky & Hutch','Action',6,'Todd Phillips',2004)
ALTER SEQUENCE PUBLIC.HIBERNATE_SEQUENCE RESTART WITH 19
COMMIT
INSERT INTO MOVIE VALUES(19,'Shanghai Knights','Action',6,'David Dobkin',2003)
ALTER SEQUENCE PUBLIC.HIBERNATE_SEQUENCE RESTART WITH 20
COMMIT
INSERT INTO MOVIE VALUES(20,'I-Spy','Adventure',5,'Betty Thomas',2002)
ALTER SEQUENCE PUBLIC.HIBERNATE_SEQUENCE RESTART WITH 21
COMMIT
INSERT INTO MOVIE VALUES(21,'The Royal Tenenbaums','Comedy',8,'Wes Anderson',2001)
ALTER SEQUENCE PUBLIC.HIBERNATE_SEQUENCE RESTART WITH 22
COMMIT
INSERT INTO MOVIE VALUES(22,'Zoolander','Comedy',6,'Ben Stiller',2001)
ALTER SEQUENCE PUBLIC.HIBERNATE_SEQUENCE RESTART WITH 23
COMMIT
INSERT INTO MOVIE VALUES(23,'Shanghai Noon','Comedy',7,'Tom Dey',2000)
ALTER SEQUENCE PUBLIC.HIBERNATE_SEQUENCE RESTART WITH 24
COMMIT
INSERT INTO MOVIE VALUES(24,'Wedding Crashers','Comedy',7,'David Dobkin',2005)
ALTER SEQUENCE PUBLIC.HIBERNATE_SEQUENCE RESTART WITH 25
COMMIT
INSERT INTO MOVIE VALUES(25,'Starsky & Hutch','Action',6,'Todd Phillips',2004)
ALTER SEQUENCE PUBLIC.HIBERNATE_SEQUENCE RESTART WITH 26
COMMIT
INSERT INTO MOVIE VALUES(26,'Shanghai Knights','Action',6,'David Dobkin',2003)
ALTER SEQUENCE PUBLIC.HIBERNATE_SEQUENCE RESTART WITH 27
COMMIT
INSERT INTO MOVIE VALUES(27,'I-Spy','Adventure',5,'Betty Thomas',2002)
ALTER SEQUENCE PUBLIC.HIBERNATE_SEQUENCE RESTART WITH 28
COMMIT
INSERT INTO MOVIE VALUES(28,'The Royal Tenenbaums','Comedy',8,'Wes Anderson',2001)
ALTER SEQUENCE PUBLIC.HIBERNATE_SEQUENCE RESTART WITH 29
COMMIT
INSERT INTO MOVIE VALUES(29,'Zoolander','Comedy',6,'Ben Stiller',2001)
ALTER SEQUENCE PUBLIC.HIBERNATE_SEQUENCE RESTART WITH 30
COMMIT
INSERT INTO MOVIE VALUES(30,'Shanghai Noon','Comedy',7,'Tom Dey',2000)
ALTER SEQUENCE PUBLIC.HIBERNATE_SEQUENCE RESTART WITH 31
COMMIT
INSERT INTO MOVIE VALUES(31,'Wedding Crashers','Comedy',7,'David Dobkin',2005)
ALTER SEQUENCE PUBLIC.HIBERNATE_SEQUENCE RESTART WITH 32
COMMIT
INSERT INTO MOVIE VALUES(32,'Starsky & Hutch','Action',6,'Todd Phillips',2004)
ALTER SEQUENCE PUBLIC.HIBERNATE_SEQUENCE RESTART WITH 33
COMMIT
INSERT INTO MOVIE VALUES(33,'Shanghai Knights','Action',6,'David Dobkin',2003)
ALTER SEQUENCE PUBLIC.HIBERNATE_SEQUENCE RESTART WITH 34
COMMIT
INSERT INTO MOVIE VALUES(34,'I-Spy','Adventure',5,'Betty Thomas',2002)
ALTER SEQUENCE PUBLIC.HIBERNATE_SEQUENCE RESTART WITH 35
COMMIT
INSERT INTO MOVIE VALUES(35,'The Royal Tenenbaums','Comedy',8,'Wes Anderson',2001)
ALTER SEQUENCE PUBLIC.HIBERNATE_SEQUENCE RESTART WITH 36
COMMIT
INSERT INTO MOVIE VALUES(36,'Zoolander','Comedy',6,'Ben Stiller',2001)
ALTER SEQUENCE PUBLIC.HIBERNATE_SEQUENCE RESTART WITH 37
COMMIT
INSERT INTO MOVIE VALUES(37,'Shanghai Noon','Comedy',7,'Tom Dey',2000)
ALTER SEQUENCE PUBLIC.HIBERNATE_SEQUENCE RESTART WITH 38
COMMIT
